<?xml version="1.0" encoding="UTF-8"?>
<!-- Generated by org.testng.reporters.JUnitXMLReporter -->
<testsuite ignored="0" hostname="DESKTOP-0UE9EKQ" failures="0" tests="8" name="Test" time="16.005" errors="0" timestamp="2025-06-16T18:36:54 IST">
  <testcase classname="pageTestClass.LoginPageTest" name="invalidUsername" time="1.979"/>
  <testcase classname="pageTestClass.LoginPageTest" name="invalidpassword" time="0.731"/>
  <testcase classname="pageTestClass.LoginPageTest" name="emptyusername" time="0.644"/>
  <testcase classname="pageTestClass.LoginPageTest" name="emptypassword" time="0.64"/>
  <testcase classname="pageTestClass.LoginPageTest" name="emptyusernameandpassword" time="0.74"/>
  <testcase classname="pageTestClass.LoginPageTest" name="UsernameandpasswordCaseSensitive" time="0.85"/>
  <testcase classname="pageTestClass.LoginPageTest" name="SqlInjection" time="0.997"/>
  <testcase classname="pageTestClass.LoginPageTest" name="vaildCredentials" time="0.733"/>
</testsuite> <!-- Test -->
